#
# A fatal error has been detected by the Java Runtime Environment:
#
#  EXCEPTION_ACCESS_VIOLATION (0xc0000005) at pc=0x00007ffc50e6c4be, pid=5412, tid=408
#
# JRE version: OpenJDK Runtime Environment (11.0.10) (build 11.0.10+0-b96-7249189)
# Java VM: OpenJDK 64-Bit Server VM (11.0.10+0-b96-7249189, mixed mode, tiered, compressed oops, g1 gc, windows-amd64)
# Problematic frame:
# C  [native-platform-file-events.dll+0x1c4be]
#
# No core dump will be written. Minidumps are not enabled by default on client versions of Windows
#
# If you would like to submit a bug report, please visit:
#   https://bugreport.java.com/bugreport/crash.jsp
# The crash happened outside the Java Virtual Machine in native code.
# See problematic frame for where to report the bug.
#

---------------  S U M M A R Y ------------

Command Line: --add-opens=java.base/java.util=ALL-UNNAMED --add-opens=java.base/java.lang=ALL-UNNAMED --add-opens=java.base/java.lang.invoke=ALL-UNNAMED --add-opens=java.base/java.util=ALL-UNNAMED --add-opens=java.prefs/java.util.prefs=ALL-UNNAMED --add-opens=java.prefs/java.util.prefs=ALL-UNNAMED --add-opens=java.base/java.nio.charset=ALL-UNNAMED --add-opens=java.base/java.net=ALL-UNNAMED --add-opens=java.base/java.util.concurrent.atomic=ALL-UNNAMED -Xmx2048m -Dfile.encoding=UTF-8 -Duser.country=RU -Duser.language=ru -Duser.variant org.gradle.launcher.daemon.bootstrap.GradleDaemon 7.0.2

Host: Intel(R) Core(TM) i5-8600K CPU @ 3.60GHz, 6 cores, 7G,  Windows 10 , 64 bit Build 17763 (10.0.17763.2145)
Time: Fri Oct 29 11:32:49 2021 Iiaineae?neia noaiaa?oiia a?aiy elapsed time: 6.634132 seconds (0d 0h 0m 6s)

---------------  T H R E A D  ---------------

Current thread (0x00000183edb76000):  JavaThread "File watcher server" daemon [_thread_in_native, id=408, stack(0x0000001dd7f00000,0x0000001dd8000000)]

Stack: [0x0000001dd7f00000,0x0000001dd8000000],  sp=0x0000001dd7ffea90,  free space=1018k
Native frames: (J=compiled Java code, j=interpreted, Vv=VM code, C=native code)
C  [native-platform-file-events.dll+0x1c4be]

Java frames: (J=compiled Java code, j=interpreted, Vv=VM code)
j  net.rubygrapefruit.platform.internal.jni.AbstractFileEventFunctions$NativeFileWatcher.executeRunLoop0(Ljava/lang/Object;)V+0
j  net.rubygrapefruit.platform.internal.jni.AbstractFileEventFunctions$NativeFileWatcher.access$100(Lnet/rubygrapefruit/platform/internal/jni/AbstractFileEventFunctions$NativeFileWatcher;Ljava/lang/Object;)V+2
j  net.rubygrapefruit.platform.internal.jni.AbstractFileEventFunctions$NativeFileWatcher$1.run()V+26
v  ~StubRoutines::call_stub

siginfo: EXCEPTION_ACCESS_VIOLATION (0xc0000005), reading address 0xffffffffffffffff


Register to memory mapping:

RIP=0x00007ffc50e6c4be native-platform-file-events.dll
RAX=0x0064006100320031 is an unknown value
RBX=0x0000000000000001 is an unknown value
RCX=0x0064006100320031 is an unknown value
RDX=0x0000001dd7ffeae8 is pointing into the stack for thread: 0x00000183edb76000
RSP=0x0000001dd7ffea90 is pointing into the stack for thread: 0x00000183edb76000
RBP=0x0000001dd7fff448 is pointing into the stack for thread: 0x00000183edb76000
RSI=0x0 is NULL
RDI=
[error occurred during error reporting (printing register info), id 0xc0000005, EXCEPTION_ACCESS_VIOLATION (0xc0000005) at pc=0x00007ffc403f9dc7]

Registers:
RAX=0x0064006100320031, RBX=0x0000000000000001, RCX=0x0064006100320031, RDX=0x0000001dd7ffeae8
RSP=0x0000001dd7ffea90, RBP=0x0000001dd7fff448, RSI=0x0000000000000000, RDI=0x00000000ffffffff
R8 =0x0000001dd7ffeaf0, R9 =0x0000000000000083, R10=0x00000000546c6148, R11=0xfffffffff9da5a81
R12=0x0000000000000000, R13=0x00000183f0412278, R14=0x0000001dd7fff470, R15=0x00000183edb76000
RIP=0x00007ffc50e6c4be, EFLAGS=0x0000000000010202

Top of Stack: (sp=0x0000001dd7ffea90)
0x0000001dd7ffea90:   00000a875c96f940 00000a8727df2b14
0x0000001dd7ffeaa0:   00000a875c96f940 00007ffc50e87be5
0x0000001dd7ffeab0:   0000001dd7ffeb68 0000001dd7ffeae8
0x0000001dd7ffeac0:   0000001d00000000 0000001dd7ffeaf8
0x0000001dd7ffead0:   0000001dd7ff0001 0000001af4203ad0
0x0000001dd7ffeae0:   0000001dd7ffeaf0 0000000000000374
0x0000001dd7ffeaf0:   00000a8727df2b14 00000a875c96f940
0x0000001dd7ffeb00:   0000001dd7fff470 00007ffc50e87777
0x0000001dd7ffeb10:   0000001dd7ffeb68 0000001dd7ffeb60
0x0000001dd7ffeb20:   00000183ebb499d0 00007ffc00000000
0x0000001dd7ffeb30:   0000000000000000 00007ffc50e78bee
0x0000001dd7ffeb40:   00000a875c96f940 0000000000000374
0x0000001dd7ffeb50:   0000001dd80fe8a0 00007ffc00000000
0x0000001dd7ffeb60:   0000b0c6590c8c67 0000000000000374
0x0000001dd7ffeb70:   0000000000000000 00007ffc50e6c6ec
0x0000001dd7ffeb80:   0064006100320031 0000001d00000003 

Instructions: (pc=0x00007ffc50e6c4be)
0x00007ffc50e6c3be:   8b 00 48 89 44 24 38 48 8b 44 24 38 48 89 44 24
0x00007ffc50e6c3ce:   58 48 8b 84 24 b0 00 00 00 48 83 c0 08 48 89 44
0x00007ffc50e6c3de:   24 40 48 8d 54 24 70 48 8b 4c 24 40 e8 26 50 fe
0x00007ffc50e6c3ee:   ff 48 8b 00 48 89 44 24 48 48 8b 44 24 48 48 89
0x00007ffc50e6c3fe:   44 24 60 4c 8b 4c 24 50 4c 8b 44 24 58 48 8b 54
0x00007ffc50e6c40e:   24 60 48 8d 4c 24 78 e8 31 92 fe ff 48 8d 4c 24
0x00007ffc50e6c41e:   78 e8 8b 6a fe ff 48 8b c8 ff 15 db ab 11 00 89
0x00007ffc50e6c42e:   44 24 24 83 7c 24 24 ff 74 15 8b 44 24 24 83 e0
0x00007ffc50e6c43e:   10 85 c0 74 0a c7 44 24 28 01 00 00 00 eb 08 c7
0x00007ffc50e6c44e:   44 24 28 00 00 00 00 0f b6 44 24 28 88 44 24 20
0x00007ffc50e6c45e:   48 8d 4c 24 78 e8 1f 97 fe ff 0f b6 44 24 20 48
0x00007ffc50e6c46e:   8b 8c 24 98 00 00 00 48 33 cc e8 8f 76 fe ff 48
0x00007ffc50e6c47e:   81 c4 a8 00 00 00 c3 cc cc cc cc cc cc cc cc cc
0x00007ffc50e6c48e:   cc cc 48 89 4c 24 08 48 81 ec e8 00 00 00 48 8b
0x00007ffc50e6c49e:   05 a5 7d 10 00 48 33 c4 48 89 84 24 d0 00 00 00
0x00007ffc50e6c4ae:   c7 44 24 30 00 00 00 00 48 8b 84 24 f0 00 00 00
0x00007ffc50e6c4be:   83 78 68 03 0f 84 02 01 00 00 48 8b 84 24 f0 00
0x00007ffc50e6c4ce:   00 00 48 8b 48 28 ff 15 36 ab 11 00 89 44 24 38
0x00007ffc50e6c4de:   83 7c 24 38 00 0f 85 d0 00 00 00 ba 07 00 00 00
0x00007ffc50e6c4ee:   48 8b 0d 1b b0 10 00 e8 48 a4 fe ff 88 44 24 34
0x00007ffc50e6c4fe:   0f b6 44 24 34 85 c0 0f 84 90 00 00 00 ff 15 07
0x00007ffc50e6c50e:   ab 11 00 89 44 24 3c 48 8b 84 24 f0 00 00 00 48
0x00007ffc50e6c51e:   83 c0 08 48 8b d0 48 8d 8c 24 90 00 00 00 e8 05
0x00007ffc50e6c52e:   51 fe ff 48 89 44 24 40 48 8b 44 24 40 48 89 44
0x00007ffc50e6c53e:   24 48 8b 44 24 30 83 c8 01 89 44 24 30 48 8b 4c
0x00007ffc50e6c54e:   24 48 e8 d5 52 fe ff 48 89 44 24 50 48 8b 84 24
0x00007ffc50e6c55e:   f0 00 00 00 48 8b 40 28 48 89 44 24 58 8b 44 24
0x00007ffc50e6c56e:   3c 89 44 24 28 48 8b 44 24 50 48 89 44 24 20 4c
0x00007ffc50e6c57e:   8b 4c 24 58 4c 8d 05 77 af 0d 00 ba 07 00 00 00
0x00007ffc50e6c58e:   48 8b 0d 7b af 10 00 e8 f8 71 fe ff 90 8b 44 24
0x00007ffc50e6c59e:   30 83 e0 01 85 c0 74 13 83 64 24 30 fe 48 8d 8c
0x00007ffc50e6c5ae:   24 90 00 00 00 e8 e7 5a fe ff 90 eb 00 48 8b 84 


Stack slot to memory mapping:
stack at sp + 0 slots: 0x00000a875c96f940 is an unknown value
stack at sp + 1 slots: 0x00000a8727df2b14 is an unknown value
stack at sp + 2 slots: 0x00000a875c96f940 is an unknown value
stack at sp + 3 slots: 0x00007ffc50e87be5 native-platform-file-events.dll
stack at sp + 4 slots: 0x0000001dd7ffeb68 is pointing into the stack for thread: 0x00000183edb76000
stack at sp + 5 slots: 0x0000001dd7ffeae8 is pointing into the stack for thread: 0x00000183edb76000
stack at sp + 6 slots: 0x0000001d00000000 is an unknown value
stack at sp + 7 slots: 0x0000001dd7ffeaf8 is pointing into the stack for thread: 0x00000183edb76000


---------------  P R O C E S S  ---------------

Threads class SMR info:
_java_thread_list=0x00000183f299dbb0, length=56, elements={
0x00000183d092f800, 0x00000183ea97d800, 0x00000183eb188800, 0x00000183eb19d000,
0x00000183eb19e000, 0x00000183eb19f800, 0x00000183eb1a1000, 0x00000183eb1e7800,
0x00000183eb1ee000, 0x00000183eb35c000, 0x00000183eb6ec000, 0x00000183ec9cf800,
0x00000183ec0e8000, 0x00000183ed837800, 0x00000183ec17d800, 0x00000183ecde7800,
0x00000183ee009000, 0x00000183ed27c800, 0x00000183ed5de800, 0x00000183ed43b000,
0x00000183edb79000, 0x00000183edb73800, 0x00000183edb77800, 0x00000183edb7a000,
0x00000183edb74000, 0x00000183edb76000, 0x00000183edb75000, 0x00000183edb76800,
0x00000183edb78000, 0x00000183eef81000, 0x00000183eef80000, 0x00000183eef7d800,
0x00000183eef82000, 0x00000183eef7e800, 0x00000183eef87800, 0x00000183eef88800,
0x00000183eef85000, 0x00000183eef83800, 0x00000183eef86000, 0x00000183eef82800,
0x00000183eef89000, 0x00000183eef8a000, 0x00000183eef84000, 0x00000183eef8a800,
0x00000183eef8b800, 0x00000183f074f800, 0x00000183f074e800, 0x00000183f0750000,
0x00000183f074b000, 0x00000183f074a800, 0x00000183f0751000, 0x00000183f074d000,
0x00000183f0a09000, 0x00000183f0a0b000, 0x00000183f0a0c800, 0x00000183f0a0d800
}

Java Threads: ( => current thread )
  0x00000183d092f800 JavaThread "main" [_thread_blocked, id=7232, stack(0x0000001dd5900000,0x0000001dd5a00000)]
  0x00000183ea97d800 JavaThread "Reference Handler" daemon [_thread_blocked, id=9376, stack(0x0000001dd6000000,0x0000001dd6100000)]
  0x00000183eb188800 JavaThread "Finalizer" daemon [_thread_blocked, id=9108, stack(0x0000001dd6100000,0x0000001dd6200000)]
  0x00000183eb19d000 JavaThread "Signal Dispatcher" daemon [_thread_blocked, id=7900, stack(0x0000001dd6200000,0x0000001dd6300000)]
  0x00000183eb19e000 JavaThread "Attach Listener" daemon [_thread_blocked, id=2920, stack(0x0000001dd6300000,0x0000001dd6400000)]
  0x00000183eb19f800 JavaThread "Service Thread" daemon [_thread_blocked, id=8624, stack(0x0000001dd6400000,0x0000001dd6500000)]
  0x00000183eb1a1000 JavaThread "C2 CompilerThread0" daemon [_thread_blocked, id=5920, stack(0x0000001dd6500000,0x0000001dd6600000)]
  0x00000183eb1e7800 JavaThread "C1 CompilerThread0" daemon [_thread_blocked, id=4848, stack(0x0000001dd6600000,0x0000001dd6700000)]
  0x00000183eb1ee000 JavaThread "Sweeper thread" daemon [_thread_blocked, id=9496, stack(0x0000001dd6700000,0x0000001dd6800000)]
  0x00000183eb35c000 JavaThread "Common-Cleaner" daemon [_thread_blocked, id=9972, stack(0x0000001dd6800000,0x0000001dd6900000)]
  0x00000183eb6ec000 JavaThread "C2 CompilerThread1" daemon [_thread_blocked, id=4840, stack(0x0000001dd6a00000,0x0000001dd6b00000)]
  0x00000183ec9cf800 JavaThread "Daemon health stats" [_thread_blocked, id=7512, stack(0x0000001dd6d00000,0x0000001dd6e00000)]
  0x00000183ec0e8000 JavaThread "Incoming local TCP Connector on port 1736" [_thread_in_native, id=3728, stack(0x0000001dd6e00000,0x0000001dd6f00000)]
  0x00000183ed837800 JavaThread "Daemon periodic checks" [_thread_blocked, id=3264, stack(0x0000001dd6f00000,0x0000001dd7000000)]
  0x00000183ec17d800 JavaThread "Daemon" [_thread_blocked, id=6336, stack(0x0000001dd7000000,0x0000001dd7100000)]
  0x00000183ecde7800 JavaThread "Handler for socket connection from /127.0.0.1:1736 to /127.0.0.1:1737" [_thread_in_native, id=8596, stack(0x0000001dd7100000,0x0000001dd7200000)]
  0x00000183ee009000 JavaThread "Cancel handler" [_thread_blocked, id=8376, stack(0x0000001dd7200000,0x0000001dd7300000)]
  0x00000183ed27c800 JavaThread "Daemon worker" [_thread_blocked, id=8652, stack(0x0000001dd7300000,0x0000001dd7400000)]
  0x00000183ed5de800 JavaThread "Asynchronous log dispatcher for DefaultDaemonConnection: socket connection from /127.0.0.1:1736 to /127.0.0.1:1737" [_thread_blocked, id=2900, stack(0x0000001dd7400000,0x0000001dd7500000)]
  0x00000183ed43b000 JavaThread "Stdin handler" [_thread_blocked, id=7712, stack(0x0000001dd7500000,0x0000001dd7600000)]
  0x00000183edb79000 JavaThread "Daemon client event forwarder" [_thread_blocked, id=8336, stack(0x0000001dd7600000,0x0000001dd7700000)]
  0x00000183edb73800 JavaThread "Cache worker for file hash cache (C:\Users\KosenkoDY\.gradle\caches\7.0.2\fileHashes)" [_thread_blocked, id=6344, stack(0x0000001dd7a00000,0x0000001dd7b00000)]
  0x00000183edb77800 JavaThread "File lock request listener" [_thread_in_native, id=2656, stack(0x0000001dd7b00000,0x0000001dd7c00000)]
  0x00000183edb7a000 JavaThread "Cache worker for journal cache (C:\Users\KosenkoDY\.gradle\caches\journal-1)" [_thread_blocked, id=10060, stack(0x0000001dd7d00000,0x0000001dd7e00000)]
  0x00000183edb74000 JavaThread "Cache worker for file hash cache (G:\Mobile\Laba7\.gradle\7.0.2\fileHashes)" [_thread_blocked, id=9312, stack(0x0000001dd7e00000,0x0000001dd7f00000)]
=>0x00000183edb76000 JavaThread "File watcher server" daemon [_thread_in_native, id=408, stack(0x0000001dd7f00000,0x0000001dd8000000)]
  0x00000183edb75000 JavaThread "File watcher consumer" daemon [_thread_blocked, id=7648, stack(0x0000001dd8000000,0x0000001dd8100000)]
  0x00000183edb76800 JavaThread "Cache worker for checksums cache (G:\Mobile\Laba7\.gradle\checksums)" [_thread_blocked, id=4036, stack(0x0000001dd8100000,0x0000001dd8200000)]
  0x00000183edb78000 JavaThread "Cache worker for cache directory md-supplier (C:\Users\KosenkoDY\.gradle\caches\7.0.2\md-supplier)" [_thread_blocked, id=7848, stack(0x0000001dd8200000,0x0000001dd8300000)]
  0x00000183eef81000 JavaThread "Cache worker for cache directory md-rule (C:\Users\KosenkoDY\.gradle\caches\7.0.2\md-rule)" [_thread_blocked, id=8316, stack(0x0000001dd8300000,0x0000001dd8400000)]
  0x00000183eef80000 JavaThread "Cache worker for execution history cache (C:\Users\KosenkoDY\.gradle\caches\7.0.2\executionHistory)" [_thread_blocked, id=5876, stack(0x0000001dd8400000,0x0000001dd8500000)]
  0x00000183eef7d800 JavaThread "jar transforms" [_thread_blocked, id=10000, stack(0x0000001dd8500000,0x0000001dd8600000)]
  0x00000183eef82000 JavaThread "jar transforms Thread 2" [_thread_blocked, id=808, stack(0x0000001dd8600000,0x0000001dd8700000)]
  0x00000183eef7e800 JavaThread "Cache worker for file content cache (C:\Users\KosenkoDY\.gradle\caches\7.0.2\fileContent)" [_thread_blocked, id=1288, stack(0x0000001dd8700000,0x0000001dd8800000)]
  0x00000183eef87800 JavaThread "Cache worker for dependencies-accessors (G:\Mobile\Laba7\.gradle\7.0.2\dependencies-accessors)" [_thread_blocked, id=4940, stack(0x0000001dd8800000,0x0000001dd8900000)]
  0x00000183eef88800 JavaThread "jar transforms Thread 3" [_thread_blocked, id=2812, stack(0x0000001dd8900000,0x0000001dd8a00000)]
  0x00000183eef85000 JavaThread "Cache worker for Build Output Cleanup Cache (G:\Mobile\Laba7\.gradle\buildOutputCleanup)" [_thread_in_native, id=1376, stack(0x0000001dd8a00000,0x0000001dd8b00000)]
  0x00000183eef83800 JavaThread "Build operations" [_thread_blocked, id=8692, stack(0x0000001dd8b00000,0x0000001dd8c00000)]
  0x00000183eef86000 JavaThread "Build operations Thread 2" [_thread_blocked, id=8516, stack(0x0000001dd8c00000,0x0000001dd8d00000)]
  0x00000183eef82800 JavaThread "Build operations Thread 3" [_thread_blocked, id=6528, stack(0x0000001dd8d00000,0x0000001dd8e00000)]
  0x00000183eef89000 JavaThread "Build operations Thread 4" [_thread_blocked, id=5700, stack(0x0000001dd8e00000,0x0000001dd8f00000)]
  0x00000183eef8a000 JavaThread "Build operations Thread 5" [_thread_blocked, id=7192, stack(0x0000001dd8f00000,0x0000001dd9000000)]
  0x00000183eef84000 JavaThread "Build operations Thread 6" [_thread_blocked, id=6684, stack(0x0000001dd9000000,0x0000001dd9100000)]
  0x00000183eef8a800 JavaThread "jar transforms Thread 4" [_thread_blocked, id=8124, stack(0x0000001dd9100000,0x0000001dd9200000)]
  0x00000183eef8b800 JavaThread "jar transforms Thread 5" [_thread_blocked, id=4436, stack(0x0000001dd9200000,0x0000001dd9300000)]
  0x00000183f074f800 JavaThread "jar transforms Thread 6" [_thread_blocked, id=7352, stack(0x0000001dd9300000,0x0000001dd9400000)]
  0x00000183f074e800 JavaThread "Memory manager" [_thread_blocked, id=7952, stack(0x0000001dd9400000,0x0000001dd9500000)]
  0x00000183f0750000 JavaThread "build event listener" [_thread_blocked, id=3576, stack(0x0000001dd9500000,0x0000001dd9600000)]
  0x00000183f074b000 JavaThread "Execution worker for ':'" [_thread_blocked, id=1760, stack(0x0000001dd9600000,0x0000001dd9700000)]
  0x00000183f074a800 JavaThread "Execution worker for ':' Thread 2" [_thread_blocked, id=7292, stack(0x0000001dd9700000,0x0000001dd9800000)]
  0x00000183f0751000 JavaThread "Execution worker for ':' Thread 3" [_thread_blocked, id=5196, stack(0x0000001dd9800000,0x0000001dd9900000)]
  0x00000183f074d000 JavaThread "Execution worker for ':' Thread 4" [_thread_blocked, id=8400, stack(0x0000001dd9900000,0x0000001dd9a00000)]
  0x00000183f0a09000 JavaThread "Execution worker for ':' Thread 5" [_thread_blocked, id=9356, stack(0x0000001dd9a00000,0x0000001dd9b00000)]
  0x00000183f0a0b000 JavaThread "Cache worker for execution history cache (G:\Mobile\Laba7\.gradle\7.0.2\executionHistory)" [_thread_blocked, id=4636, stack(0x0000001dd9b00000,0x0000001dd9c00000)]
  0x00000183f0a0c800 JavaThread "WorkerExecutor Queue" [_thread_blocked, id=9620, stack(0x0000001dd9c00000,0x0000001dd9d00000)]
  0x00000183f0a0d800 JavaThread "WorkerExecutor Queue Thread 2" [_thread_blocked, id=6776, stack(0x0000001dd9d00000,0x0000001dd9e00000)]

Other Threads:
  0x00000183ea97a800 VMThread "VM Thread" [stack: 0x0000001dd5f00000,0x0000001dd6000000] [id=6352]
  0x00000183eb388800 WatcherThread [stack: 0x0000001dd6900000,0x0000001dd6a00000] [id=7488]
  0x00000183d0947800 GCTaskThread "GC Thread#0" [stack: 0x0000001dd5a00000,0x0000001dd5b00000] [id=4948]
  0x00000183ebf5c800 GCTaskThread "GC Thread#1" [stack: 0x0000001dd6b00000,0x0000001dd6c00000] [id=5296]
  0x00000183ebf14800 GCTaskThread "GC Thread#2" [stack: 0x0000001dd6c00000,0x0000001dd6d00000] [id=3292]
  0x00000183ee4ce000 GCTaskThread "GC Thread#3" [stack: 0x0000001dd7700000,0x0000001dd7800000] [id=5720]
  0x00000183ed41f000 GCTaskThread "GC Thread#4" [stack: 0x0000001dd7800000,0x0000001dd7900000] [id=8644]
  0x00000183ed95d800 GCTaskThread "GC Thread#5" [stack: 0x0000001dd7900000,0x0000001dd7a00000] [id=8468]
  0x00000183d097a000 ConcurrentGCThread "G1 Main Marker" [stack: 0x0000001dd5b00000,0x0000001dd5c00000] [id=9760]
  0x00000183d097b000 ConcurrentGCThread "G1 Conc#0" [stack: 0x0000001dd5c00000,0x0000001dd5d00000] [id=7932]
  0x00000183ed22e800 ConcurrentGCThread "G1 Conc#1" [stack: 0x0000001dd7c00000,0x0000001dd7d00000] [id=6484]
  0x00000183ea7c8800 ConcurrentGCThread "G1 Refine#0" [stack: 0x0000001dd5d00000,0x0000001dd5e00000] [id=1364]
  0x00000183ea7c9800 ConcurrentGCThread "G1 Young RemSet Sampling" [stack: 0x0000001dd5e00000,0x0000001dd5f00000] [id=4068]

Threads with active compile tasks:

VM state:not at safepoint (normal execution)

VM Mutex/Monitor currently owned by a thread: None

Heap address: 0x0000000080000000, size: 2048 MB, Compressed Oops mode: 32-bit
Narrow klass base: 0x0000000000000000, Narrow klass shift: 3
Compressed class space size: 1073741824 Address: 0x0000000100000000

Heap:
 garbage-first heap   total 187392K, used 83640K [0x0000000080000000, 0x0000000100000000)
  region size 1024K, 36 young (36864K), 10 survivors (10240K)
 Metaspace       used 79823K, capacity 81918K, committed 81996K, reserved 1120256K
  class space    used 10460K, capacity 11267K, committed 11340K, reserved 1048576K
Heap Regions: E=young(eden), S=young(survivor), O=old, HS=humongous(starts), HC=humongous(continues), CS=collection set, F=free, A=archive, TAMS=top-at-mark-start (previous, next)
|   0|0x0000000080000000, 0x0000000080100000, 0x0000000080100000|100%| O|  |TAMS 0x0000000080100000, 0x0000000080000000| Untracked 
|   1|0x0000000080100000, 0x0000000080200000, 0x0000000080200000|100%| O|  |TAMS 0x0000000080200000, 0x0000000080100000| Untracked 
|   2|0x0000000080200000, 0x0000000080300000, 0x0000000080300000|100%| O|  |TAMS 0x0000000080300000, 0x0000000080200000| Untracked 
|   3|0x0000000080300000, 0x0000000080400000, 0x0000000080400000|100%|HS|  |TAMS 0x0000000080400000, 0x0000000080300000| Complete 
|   4|0x0000000080400000, 0x0000000080500000, 0x0000000080500000|100%|HC|  |TAMS 0x0000000080500000, 0x0000000080400000| Complete 
|   5|0x0000000080500000, 0x0000000080600000, 0x0000000080600000|100%|HC|  |TAMS 0x0000000080600000, 0x0000000080500000| Complete 
|   6|0x0000000080600000, 0x0000000080700000, 0x0000000080700000|100%| O|  |TAMS 0x0000000080700000, 0x0000000080600000| Untracked 
|   7|0x0000000080700000, 0x0000000080800000, 0x0000000080800000|100%| O|  |TAMS 0x0000000080800000, 0x0000000080700000| Untracked 
|   8|0x0000000080800000, 0x0000000080900000, 0x0000000080900000|100%| O|  |TAMS 0x0000000080900000, 0x0000000080800000| Untracked 
|   9|0x0000000080900000, 0x0000000080a00000, 0x0000000080a00000|100%| O|  |TAMS 0x0000000080a00000, 0x0000000080900000| Untracked 
|  10|0x0000000080a00000, 0x0000000080b00000, 0x0000000080b00000|100%| O|  |TAMS 0x0000000080b00000, 0x0000000080a00000| Untracked 
|  11|0x0000000080b00000, 0x0000000080c00000, 0x0000000080c00000|100%| O|  |TAMS 0x0000000080c00000, 0x0000000080b00000| Untracked 
|  12|0x0000000080c00000, 0x0000000080d00000, 0x0000000080d00000|100%| O|  |TAMS 0x0000000080d00000, 0x0000000080c00000| Untracked 
|  13|0x0000000080d00000, 0x0000000080e00000, 0x0000000080e00000|100%| O|  |TAMS 0x0000000080e00000, 0x0000000080d00000| Untracked 
|  14|0x0000000080e00000, 0x0000000080f00000, 0x0000000080f00000|100%| O|  |TAMS 0x0000000080f00000, 0x0000000080e00000| Untracked 
|  15|0x0000000080f00000, 0x0000000081000000, 0x0000000081000000|100%| O|  |TAMS 0x0000000081000000, 0x0000000080f00000| Untracked 
|  16|0x0000000081000000, 0x0000000081100000, 0x0000000081100000|100%|HS|  |TAMS 0x0000000081100000, 0x0000000081000000| Complete 
|  17|0x0000000081100000, 0x0000000081200000, 0x0000000081200000|100%| O|  |TAMS 0x0000000081200000, 0x0000000081100000| Untracked 
|  18|0x0000000081200000, 0x0000000081300000, 0x0000000081300000|100%| O|  |TAMS 0x0000000081300000, 0x0000000081200000| Untracked 
|  19|0x0000000081300000, 0x0000000081400000, 0x0000000081400000|100%| O|  |TAMS 0x0000000081400000, 0x0000000081300000| Untracked 
|  20|0x0000000081400000, 0x0000000081500000, 0x0000000081500000|100%| O|  |TAMS 0x0000000081500000, 0x0000000081400000| Untracked 
|  21|0x0000000081500000, 0x0000000081600000, 0x0000000081600000|100%| O|  |TAMS 0x0000000081600000, 0x0000000081500000| Untracked 
|  22|0x0000000081600000, 0x0000000081700000, 0x0000000081700000|100%|HS|  |TAMS 0x0000000081700000, 0x0000000081600000| Complete 
|  23|0x0000000081700000, 0x0000000081800000, 0x0000000081800000|100%|HS|  |TAMS 0x0000000081800000, 0x0000000081700000| Complete 
|  24|0x0000000081800000, 0x0000000081900000, 0x0000000081900000|100%|HC|  |TAMS 0x0000000081900000, 0x0000000081800000| Complete 
|  25|0x0000000081900000, 0x0000000081a00000, 0x0000000081a00000|100%| O|  |TAMS 0x0000000081a00000, 0x0000000081900000| Untracked 
|  26|0x0000000081a00000, 0x0000000081b00000, 0x0000000081b00000|100%| O|  |TAMS 0x0000000081b00000, 0x0000000081a00000| Untracked 
|  27|0x0000000081b00000, 0x0000000081c00000, 0x0000000081c00000|100%| O|  |TAMS 0x0000000081c00000, 0x0000000081b00000| Untracked 
|  28|0x0000000081c00000, 0x0000000081d00000, 0x0000000081d00000|100%| O|  |TAMS 0x0000000081d00000, 0x0000000081c00000| Untracked 
|  29|0x0000000081d00000, 0x0000000081e00000, 0x0000000081e00000|100%| O|  |TAMS 0x0000000081e00000, 0x0000000081d00000| Untracked 
|  30|0x0000000081e00000, 0x0000000081f00000, 0x0000000081f00000|100%| O|  |TAMS 0x0000000081f00000, 0x0000000081e00000| Untracked 
|  31|0x0000000081f00000, 0x0000000082000000, 0x0000000082000000|100%| O|  |TAMS 0x0000000082000000, 0x0000000081f00000| Untracked 
|  32|0x0000000082000000, 0x0000000082100000, 0x0000000082100000|100%| O|  |TAMS 0x0000000082100000, 0x0000000082000000| Untracked 
|  33|0x0000000082100000, 0x0000000082200000, 0x0000000082200000|100%| O|  |TAMS 0x0000000082200000, 0x0000000082100000| Untracked 
|  34|0x0000000082200000, 0x0000000082300000, 0x0000000082300000|100%| O|  |TAMS 0x0000000082300000, 0x0000000082200000| Untracked 
|  35|0x0000000082300000, 0x0000000082400000, 0x0000000082400000|100%| O|  |TAMS 0x0000000082400000, 0x0000000082300000| Untracked 
|  36|0x0000000082400000, 0x0000000082500000, 0x0000000082500000|100%| O|  |TAMS 0x0000000082500000, 0x0000000082400000| Untracked 
|  37|0x0000000082500000, 0x0000000082600000, 0x0000000082600000|100%| O|  |TAMS 0x0000000082600000, 0x0000000082500000| Untracked 
|  38|0x0000000082600000, 0x0000000082700000, 0x0000000082700000|100%| O|  |TAMS 0x0000000082700000, 0x0000000082600000| Untracked 
|  39|0x0000000082700000, 0x0000000082800000, 0x0000000082800000|100%| O|  |TAMS 0x0000000082800000, 0x0000000082700000| Untracked 
|  40|0x0000000082800000, 0x0000000082900000, 0x0000000082900000|100%| O|  |TAMS 0x00000000828b9c00, 0x0000000082800000| Untracked 
|  41|0x0000000082900000, 0x0000000082a00000, 0x0000000082a00000|100%| O|  |TAMS 0x0000000082900000, 0x0000000082900000| Untracked 
|  42|0x0000000082a00000, 0x0000000082b00000, 0x0000000082b00000|100%| O|  |TAMS 0x0000000082a00000, 0x0000000082a00000| Untracked 
|  43|0x0000000082b00000, 0x0000000082c00000, 0x0000000082c00000|100%| O|  |TAMS 0x0000000082b00000, 0x0000000082b00000| Untracked 
|  44|0x0000000082c00000, 0x0000000082d00000, 0x0000000082d00000|100%| O|  |TAMS 0x0000000082c00000, 0x0000000082c00000| Untracked 
|  45|0x0000000082d00000, 0x0000000082e00000, 0x0000000082e00000|100%| O|  |TAMS 0x0000000082d00000, 0x0000000082d00000| Untracked 
|  46|0x0000000082e00000, 0x0000000082f00000, 0x0000000082f00000|100%| O|  |TAMS 0x0000000082e00000, 0x0000000082e00000| Untracked 
|  47|0x0000000082f00000, 0x0000000083000000, 0x0000000083000000|100%| O|  |TAMS 0x0000000082f00000, 0x0000000082f00000| Untracked 
|  48|0x0000000083000000, 0x0000000083086800, 0x0000000083100000| 52%| O|  |TAMS 0x0000000083000000, 0x0000000083000000| Untracked 
|  49|0x0000000083100000, 0x0000000083100000, 0x0000000083200000|  0%| F|  |TAMS 0x0000000083100000, 0x0000000083100000| Untracked 
|  50|0x0000000083200000, 0x0000000083200000, 0x0000000083300000|  0%| F|  |TAMS 0x0000000083200000, 0x0000000083200000| Untracked 
|  51|0x0000000083300000, 0x0000000083300000, 0x0000000083400000|  0%| F|  |TAMS 0x0000000083300000, 0x0000000083300000| Untracked 
|  52|0x0000000083400000, 0x0000000083400000, 0x0000000083500000|  0%| F|  |TAMS 0x0000000083400000, 0x0000000083400000| Untracked 
|  53|0x0000000083500000, 0x0000000083500000, 0x0000000083600000|  0%| F|  |TAMS 0x0000000083500000, 0x0000000083500000| Untracked 
|  54|0x0000000083600000, 0x0000000083600000, 0x0000000083700000|  0%| F|  |TAMS 0x0000000083600000, 0x0000000083600000| Untracked 
|  55|0x0000000083700000, 0x0000000083700000, 0x0000000083800000|  0%| F|  |TAMS 0x0000000083700000, 0x0000000083700000| Untracked 
|  56|0x0000000083800000, 0x0000000083800000, 0x0000000083900000|  0%| F|  |TAMS 0x0000000083800000, 0x0000000083800000| Untracked 
|  57|0x0000000083900000, 0x0000000083900000, 0x0000000083a00000|  0%| F|  |TAMS 0x0000000083900000, 0x0000000083900000| Untracked 
|  58|0x0000000083a00000, 0x0000000083a00000, 0x0000000083b00000|  0%| F|  |TAMS 0x0000000083a00000, 0x0000000083a00000| Untracked 
|  59|0x0000000083b00000, 0x0000000083b00000, 0x0000000083c00000|  0%| F|  |TAMS 0x0000000083b00000, 0x0000000083b00000| Untracked 
|  60|0x0000000083c00000, 0x0000000083c00000, 0x0000000083d00000|  0%| F|  |TAMS 0x0000000083c00000, 0x0000000083c00000| Untracked 
|  61|0x0000000083d00000, 0x0000000083d00000, 0x0000000083e00000|  0%| F|  |TAMS 0x0000000083d00000, 0x0000000083d00000| Untracked 
|  62|0x0000000083e00000, 0x0000000083e00000, 0x0000000083f00000|  0%| F|  |TAMS 0x0000000083e00000, 0x0000000083e00000| Untracked 
|  63|0x0000000083f00000, 0x0000000083f00000, 0x0000000084000000|  0%| F|  |TAMS 0x0000000083f00000, 0x0000000083f00000| Untracked 
|  64|0x0000000084000000, 0x0000000084000000, 0x0000000084100000|  0%| F|  |TAMS 0x0000000084000000, 0x0000000084000000| Untracked 
|  65|0x0000000084100000, 0x0000000084100000, 0x0000000084200000|  0%| F|  |TAMS 0x0000000084100000, 0x0000000084100000| Untracked 
|  66|0x0000000084200000, 0x0000000084200000, 0x0000000084300000|  0%| F|  |TAMS 0x0000000084200000, 0x0000000084200000| Untracked 
|  67|0x0000000084300000, 0x0000000084300000, 0x0000000084400000|  0%| F|  |TAMS 0x0000000084300000, 0x0000000084300000| Untracked 
|  68|0x0000000084400000, 0x0000000084400000, 0x0000000084500000|  0%| F|  |TAMS 0x0000000084400000, 0x0000000084400000| Untracked 
|  69|0x0000000084500000, 0x0000000084500000, 0x0000000084600000|  0%| F|  |TAMS 0x0000000084500000, 0x0000000084500000| Untracked 
|  70|0x0000000084600000, 0x0000000084600000, 0x0000000084700000|  0%| F|  |TAMS 0x0000000084600000, 0x0000000084600000| Untracked 
|  71|0x0000000084700000, 0x0000000084700000, 0x0000000084800000|  0%| F|  |TAMS 0x0000000084700000, 0x0000000084700000| Untracked 
|  72|0x0000000084800000, 0x0000000084800000, 0x0000000084900000|  0%| F|  |TAMS 0x0000000084800000, 0x0000000084800000| Untracked 
|  73|0x0000000084900000, 0x0000000084900000, 0x0000000084a00000|  0%| F|  |TAMS 0x0000000084900000, 0x0000000084900000| Untracked 
|  74|0x0000000084a00000, 0x0000000084a00000, 0x0000000084b00000|  0%| F|  |TAMS 0x0000000084a00000, 0x0000000084a00000| Untracked 
|  75|0x0000000084b00000, 0x0000000084b00000, 0x0000000084c00000|  0%| F|  |TAMS 0x0000000084b00000, 0x0000000084b00000| Untracked 
|  76|0x0000000084c00000, 0x0000000084c00000, 0x0000000084d00000|  0%| F|  |TAMS 0x0000000084c00000, 0x0000000084c00000| Untracked 
|  77|0x0000000084d00000, 0x0000000084d00000, 0x0000000084e00000|  0%| F|  |TAMS 0x0000000084d00000, 0x0000000084d00000| Untracked 
|  78|0x0000000084e00000, 0x0000000084e00000, 0x0000000084f00000|  0%| F|  |TAMS 0x0000000084e00000, 0x0000000084e00000| Untracked 
|  79|0x0000000084f00000, 0x0000000084f00000, 0x0000000085000000|  0%| F|  |TAMS 0x0000000084f00000, 0x0000000084f00000| Untracked 
|  80|0x0000000085000000, 0x0000000085000000, 0x0000000085100000|  0%| F|  |TAMS 0x0000000085000000, 0x0000000085000000| Untracked 
|  81|0x0000000085100000, 0x0000000085100000, 0x0000000085200000|  0%| F|  |TAMS 0x0000000085100000, 0x0000000085100000| Untracked 
|  82|0x0000000085200000, 0x0000000085200000, 0x0000000085300000|  0%| F|  |TAMS 0x0000000085200000, 0x0000000085200000| Untracked 
|  83|0x0000000085300000, 0x0000000085300000, 0x0000000085400000|  0%| F|  |TAMS 0x0000000085300000, 0x0000000085300000| Untracked 
|  84|0x0000000085400000, 0x0000000085400000, 0x0000000085500000|  0%| F|  |TAMS 0x0000000085400000, 0x0000000085400000| Untracked 
|  85|0x0000000085500000, 0x0000000085500000, 0x0000000085600000|  0%| F|  |TAMS 0x0000000085500000, 0x0000000085500000| Untracked 
|  86|0x0000000085600000, 0x0000000085600000, 0x0000000085700000|  0%| F|  |TAMS 0x0000000085600000, 0x0000000085600000| Untracked 
|  87|0x0000000085700000, 0x0000000085700000, 0x0000000085800000|  0%| F|  |TAMS 0x0000000085700000, 0x0000000085700000| Untracked 
|  88|0x0000000085800000, 0x0000000085800000, 0x0000000085900000|  0%| F|  |TAMS 0x0000000085800000, 0x0000000085800000| Untracked 
|  89|0x0000000085900000, 0x0000000085900000, 0x0000000085a00000|  0%| F|  |TAMS 0x0000000085900000, 0x0000000085900000| Untracked 
|  90|0x0000000085a00000, 0x0000000085a00000, 0x0000000085b00000|  0%| F|  |TAMS 0x0000000085a00000, 0x0000000085a00000| Untracked 
|  91|0x0000000085b00000, 0x0000000085b00000, 0x0000000085c00000|  0%| F|  |TAMS 0x0000000085b00000, 0x0000000085b00000| Untracked 
|  92|0x0000000085c00000, 0x0000000085c27bc8, 0x0000000085d00000| 15%| S|CS|TAMS 0x0000000085c00000, 0x0000000085c00000| Complete 
|  93|0x0000000085d00000, 0x0000000085e00000, 0x0000000085e00000|100%| S|CS|TAMS 0x0000000085d00000, 0x0000000085d00000| Complete 
|  94|0x0000000085e00000, 0x0000000085e00000, 0x0000000085f00000|  0%| F|  |TAMS 0x0000000085e00000, 0x0000000085e00000| Untracked 
|  95|0x0000000085f00000, 0x0000000085f00000, 0x0000000086000000|  0%| F|  |TAMS 0x0000000085f00000, 0x0000000085f00000| Untracked 
|  96|0x0000000086000000, 0x0000000086000000, 0x0000000086100000|  0%| F|  |TAMS 0x0000000086000000, 0x0000000086000000| Untracked 
|  97|0x0000000086100000, 0x0000000086200000, 0x0000000086200000|100%| S|CS|TAMS 0x0000000086100000, 0x0000000086100000| Complete 
|  98|0x0000000086200000, 0x0000000086300000, 0x0000000086300000|100%| S|CS|TAMS 0x0000000086200000, 0x0000000086200000| Complete 
|  99|0x0000000086300000, 0x0000000086400000, 0x0000000086400000|100%| S|CS|TAMS 0x0000000086300000, 0x0000000086300000| Complete 
| 100|0x0000000086400000, 0x0000000086500000, 0x0000000086500000|100%| S|CS|TAMS 0x0000000086400000, 0x0000000086400000| Complete 
| 101|0x0000000086500000, 0x0000000086600000, 0x0000000086600000|100%| S|CS|TAMS 0x0000000086500000, 0x0000000086500000| Complete 
| 102|0x0000000086600000, 0x0000000086700000, 0x0000000086700000|100%| S|CS|TAMS 0x0000000086600000, 0x0000000086600000| Complete 
| 103|0x0000000086700000, 0x0000000086800000, 0x0000000086800000|100%| S|CS|TAMS 0x0000000086700000, 0x0000000086700000| Complete 
| 104|0x0000000086800000, 0x0000000086900000, 0x0000000086900000|100%| S|CS|TAMS 0x0000000086800000, 0x0000000086800000| Complete 
| 105|0x0000000086900000, 0x0000000086900000, 0x0000000086a00000|  0%| F|  |TAMS 0x0000000086900000, 0x0000000086900000| Untracked 
| 106|0x0000000086a00000, 0x0000000086a00000, 0x0000000086b00000|  0%| F|  |TAMS 0x0000000086a00000, 0x0000000086a00000| Untracked 
| 107|0x0000000086b00000, 0x0000000086b00000, 0x0000000086c00000|  0%| F|  |TAMS 0x0000000086b00000, 0x0000000086b00000| Untracked 
| 108|0x0000000086c00000, 0x0000000086c00000, 0x0000000086d00000|  0%| F|  |TAMS 0x0000000086c00000, 0x0000000086c00000| Untracked 
| 109|0x0000000086d00000, 0x0000000086d00000, 0x0000000086e00000|  0%| F|  |TAMS 0x0000000086d00000, 0x0000000086d00000| Untracked 
| 110|0x0000000086e00000, 0x0000000086e00000, 0x0000000086f00000|  0%| F|  |TAMS 0x0000000086e00000, 0x0000000086e00000| Untracked 
| 111|0x0000000086f00000, 0x0000000086f00000, 0x0000000087000000|  0%| F|  |TAMS 0x0000000086f00000, 0x0000000086f00000| Untracked 
| 112|0x0000000087000000, 0x0000000087000000, 0x0000000087100000|  0%| F|  |TAMS 0x0000000087000000, 0x0000000087000000| Untracked 
| 113|0x0000000087100000, 0x0000000087100000, 0x0000000087200000|  0%| F|  |TAMS 0x0000000087100000, 0x0000000087100000| Untracked 
| 114|0x0000000087200000, 0x0000000087200000, 0x0000000087300000|  0%| F|  |TAMS 0x0000000087200000, 0x0000000087200000| Untracked 
| 115|0x0000000087300000, 0x0000000087300000, 0x0000000087400000|  0%| F|  |TAMS 0x0000000087300000, 0x0000000087300000| Untracked 
| 116|0x0000000087400000, 0x0000000087400000, 0x0000000087500000|  0%| F|  |TAMS 0x0000000087400000, 0x0000000087400000| Untracked 
| 117|0x0000000087500000, 0x0000000087500000, 0x0000000087600000|  0%| F|  |TAMS 0x0000000087500000, 0x0000000087500000| Untracked 
| 118|0x0000000087600000, 0x0000000087600000, 0x0000000087700000|  0%| F|  |TAMS 0x0000000087600000, 0x0000000087600000| Untracked 
| 119|0x0000000087700000, 0x0000000087700000, 0x0000000087800000|  0%| F|  |TAMS 0x0000000087700000, 0x0000000087700000| Untracked 
| 120|0x0000000087800000, 0x0000000087800000, 0x0000000087900000|  0%| F|  |TAMS 0x0000000087800000, 0x0000000087800000| Untracked 
| 121|0x0000000087900000, 0x0000000087900000, 0x0000000087a00000|  0%| F|  |TAMS 0x0000000087900000, 0x0000000087900000| Untracked 
| 122|0x0000000087a00000, 0x0000000087a00000, 0x0000000087b00000|  0%| F|  |TAMS 0x0000000087a00000, 0x0000000087a00000| Untracked 
| 123|0x0000000087b00000, 0x0000000087b00000, 0x0000000087c00000|  0%| F|  |TAMS 0x0000000087b00000, 0x0000000087b00000| Untracked 
| 124|0x0000000087c00000, 0x0000000087c00000, 0x0000000087d00000|  0%| F|  |TAMS 0x0000000087c00000, 0x0000000087c00000| Untracked 
| 125|0x0000000087d00000, 0x0000000087d00000, 0x0000000087e00000|  0%| F|  |TAMS 0x0000000087d00000, 0x0000000087d00000| Untracked 
| 126|0x0000000087e00000, 0x0000000087e00000, 0x0000000087f00000|  0%| F|  |TAMS 0x0000000087e00000, 0x0000000087e00000| Untracked 
| 127|0x0000000087f00000, 0x0000000087f00000, 0x0000000088000000|  0%| F|  |TAMS 0x0000000087f00000, 0x0000000087f00000| Untracked 
| 128|0x0000000088000000, 0x0000000088000000, 0x0000000088100000|  0%| F|  |TAMS 0x0000000088000000, 0x0000000088000000| Untracked 
| 129|0x0000000088100000, 0x0000000088100000, 0x0000000088200000|  0%| F|  |TAMS 0x0000000088100000, 0x0000000088100000| Untracked 
| 130|0x0000000088200000, 0x0000000088200000, 0x0000000088300000|  0%| F|  |TAMS 0x0000000088200000, 0x0000000088200000| Untracked 
| 131|0x0000000088300000, 0x0000000088300000, 0x0000000088400000|  0%| F|  |TAMS 0x0000000088300000, 0x0000000088300000| Untracked 
| 132|0x0000000088400000, 0x0000000088400000, 0x0000000088500000|  0%| F|  |TAMS 0x0000000088400000, 0x0000000088400000| Untracked 
| 133|0x0000000088500000, 0x0000000088500000, 0x0000000088600000|  0%| F|  |TAMS 0x0000000088500000, 0x0000000088500000| Untracked 
| 134|0x0000000088600000, 0x0000000088600000, 0x0000000088700000|  0%| F|  |TAMS 0x0000000088600000, 0x0000000088600000| Untracked 
| 135|0x0000000088700000, 0x0000000088700000, 0x0000000088800000|  0%| F|  |TAMS 0x0000000088700000, 0x0000000088700000| Untracked 
| 136|0x0000000088800000, 0x0000000088800000, 0x0000000088900000|  0%| F|  |TAMS 0x0000000088800000, 0x0000000088800000| Untracked 
| 137|0x0000000088900000, 0x0000000088900000, 0x0000000088a00000|  0%| F|  |TAMS 0x0000000088900000, 0x0000000088900000| Untracked 
| 138|0x0000000088a00000, 0x0000000088a00000, 0x0000000088b00000|  0%| F|  |TAMS 0x0000000088a00000, 0x0000000088a00000| Untracked 
| 139|0x0000000088b00000, 0x0000000088b00000, 0x0000000088c00000|  0%| F|  |TAMS 0x0000000088b00000, 0x0000000088b00000| Untracked 
| 140|0x0000000088c00000, 0x0000000088c00000, 0x0000000088d00000|  0%| F|  |TAMS 0x0000000088c00000, 0x0000000088c00000| Untracked 
| 141|0x0000000088d00000, 0x0000000088d00000, 0x0000000088e00000|  0%| F|  |TAMS 0x0000000088d00000, 0x0000000088d00000| Untracked 
| 142|0x0000000088e00000, 0x0000000088e00000, 0x0000000088f00000|  0%| F|  |TAMS 0x0000000088e00000, 0x0000000088e00000| Untracked 
| 143|0x0000000088f00000, 0x0000000088f00000, 0x0000000089000000|  0%| F|  |TAMS 0x0000000088f00000, 0x0000000088f00000| Untracked 
| 144|0x0000000089000000, 0x0000000089000000, 0x0000000089100000|  0%| F|  |TAMS 0x0000000089000000, 0x0000000089000000| Untracked 
| 145|0x0000000089100000, 0x0000000089100000, 0x0000000089200000|  0%| F|  |TAMS 0x0000000089100000, 0x0000000089100000| Untracked 
| 146|0x0000000089200000, 0x0000000089200000, 0x0000000089300000|  0%| F|  |TAMS 0x0000000089200000, 0x0000000089200000| Untracked 
| 147|0x0000000089300000, 0x0000000089300000, 0x0000000089400000|  0%| F|  |TAMS 0x0000000089300000, 0x0000000089300000| Untracked 
| 148|0x0000000089400000, 0x0000000089400000, 0x0000000089500000|  0%| F|  |TAMS 0x0000000089400000, 0x0000000089400000| Untracked 
| 149|0x0000000089500000, 0x0000000089500000, 0x0000000089600000|  0%| F|  |TAMS 0x0000000089500000, 0x0000000089500000| Untracked 
| 150|0x0000000089600000, 0x0000000089600000, 0x0000000089700000|  0%| F|  |TAMS 0x0000000089600000, 0x0000000089600000| Untracked 
| 151|0x0000000089700000, 0x0000000089700000, 0x0000000089800000|  0%| F|  |TAMS 0x0000000089700000, 0x0000000089700000| Untracked 
| 152|0x0000000089800000, 0x0000000089800000, 0x0000000089900000|  0%| F|  |TAMS 0x0000000089800000, 0x0000000089800000| Untracked 
| 153|0x0000000089900000, 0x0000000089900000, 0x0000000089a00000|  0%| F|  |TAMS 0x0000000089900000, 0x0000000089900000| Untracked 
| 154|0x0000000089a00000, 0x0000000089a00000, 0x0000000089b00000|  0%| F|  |TAMS 0x0000000089a00000, 0x0000000089a00000| Untracked 
| 155|0x0000000089b00000, 0x0000000089b00000, 0x0000000089c00000|  0%| F|  |TAMS 0x0000000089b00000, 0x0000000089b00000| Untracked 
| 156|0x0000000089c00000, 0x0000000089c00000, 0x0000000089d00000|  0%| F|  |TAMS 0x0000000089c00000, 0x0000000089c00000| Untracked 
| 157|0x0000000089d00000, 0x0000000089d8ba70, 0x0000000089e00000| 54%| E|  |TAMS 0x0000000089d00000, 0x0000000089d00000| Complete 
| 158|0x0000000089e00000, 0x0000000089f00000, 0x0000000089f00000|100%| E|  |TAMS 0x0000000089e00000, 0x0000000089e00000| Complete 
| 159|0x0000000089f00000, 0x000000008a000000, 0x000000008a000000|100%| E|CS|TAMS 0x0000000089f00000, 0x0000000089f00000| Complete 
| 160|0x000000008a000000, 0x000000008a100000, 0x000000008a100000|100%| E|CS|TAMS 0x000000008a000000, 0x000000008a000000| Complete 
| 161|0x000000008a100000, 0x000000008a200000, 0x000000008a200000|100%| E|CS|TAMS 0x000000008a100000, 0x000000008a100000| Complete 
| 162|0x000000008a200000, 0x000000008a300000, 0x000000008a300000|100%| E|CS|TAMS 0x000000008a200000, 0x000000008a200000| Complete 
| 163|0x000000008a300000, 0x000000008a400000, 0x000000008a400000|100%| E|CS|TAMS 0x000000008a300000, 0x000000008a300000| Complete 
| 164|0x000000008a400000, 0x000000008a500000, 0x000000008a500000|100%| E|CS|TAMS 0x000000008a400000, 0x000000008a400000| Complete 
| 165|0x000000008a500000, 0x000000008a600000, 0x000000008a600000|100%| E|CS|TAMS 0x000000008a500000, 0x000000008a500000| Complete 
| 166|0x000000008a600000, 0x000000008a700000, 0x000000008a700000|100%| E|CS|TAMS 0x000000008a600000, 0x000000008a600000| Complete 
| 167|0x000000008a700000, 0x000000008a800000, 0x000000008a800000|100%| E|CS|TAMS 0x000000008a700000, 0x000000008a700000| Complete 
| 168|0x000000008a800000, 0x000000008a900000, 0x000000008a900000|100%| E|CS|TAMS 0x000000008a800000, 0x000000008a800000| Complete 
| 169|0x000000008a900000, 0x000000008aa00000, 0x000000008aa00000|100%| E|CS|TAMS 0x000000008a900000, 0x000000008a900000| Complete 
| 170|0x000000008aa00000, 0x000000008ab00000, 0x000000008ab00000|100%| E|CS|TAMS 0x000000008aa00000, 0x000000008aa00000| Complete 
| 171|0x000000008ab00000, 0x000000008ac00000, 0x000000008ac00000|100%| E|CS|TAMS 0x000000008ab00000, 0x000000008ab00000| Complete 
| 172|0x000000008ac00000, 0x000000008ad00000, 0x000000008ad00000|100%| E|CS|TAMS 0x000000008ac00000, 0x000000008ac00000| Complete 
| 173|0x000000008ad00000, 0x000000008ae00000, 0x000000008ae00000|100%| E|CS|TAMS 0x000000008ad00000, 0x000000008ad00000| Complete 
| 174|0x000000008ae00000, 0x000000008af00000, 0x000000008af00000|100%| E|CS|TAMS 0x000000008ae00000, 0x000000008ae00000| Complete 
| 175|0x000000008af00000, 0x000000008b000000, 0x000000008b000000|100%| E|CS|TAMS 0x000000008af00000, 0x000000008af00000| Complete 
| 176|0x000000008b000000, 0x000000008b100000, 0x000000008b100000|100%| E|CS|TAMS 0x000000008b000000, 0x000000008b000000| Complete 
| 177|0x000000008b100000, 0x000000008b200000, 0x000000008b200000|100%| E|CS|TAMS 0x000000008b100000, 0x000000008b100000| Complete 
| 178|0x000000008b200000, 0x000000008b300000, 0x000000008b300000|100%| E|CS|TAMS 0x000000008b200000, 0x000000008b200000| Complete 
| 179|0x000000008b300000, 0x000000008b400000, 0x000000008b400000|100%| E|CS|TAMS 0x000000008b300000, 0x000000008b300000| Complete 
| 180|0x000000008b400000, 0x000000008b500000, 0x000000008b500000|100%| E|CS|TAMS 0x000000008b400000, 0x000000008b400000| Complete 
| 181|0x000000008b500000, 0x000000008b600000, 0x000000008b600000|100%| E|CS|TAMS 0x000000008b500000, 0x000000008b500000| Complete 
| 182|0x000000008b600000, 0x000000008b700000, 0x000000008b700000|100%| E|CS|TAMS 0x000000008b600000, 0x000000008b600000| Complete 

Card table byte_map: [0x00000183e3920000,0x00000183e3d20000] _byte_map_base: 0x00000183e3520000

Marking Bits (Prev, Next): (CMBitMap*) 0x00000183d0971120, (CMBitMap*) 0x00000183d09710e8
 Prev Bits: [0x00000183e6120000, 0x00000183e8120000)
 Next Bits: [0x00000183e4120000, 0x00000183e6120000)

Polling page: 0x00000183ce8a0000

Metaspace:

Usage:
  Non-class:     69.00 MB capacity,    67.74 MB ( 98%) used,     1.03 MB (  1%) free+waste,   234.81 KB ( <1%) overhead. 
      Class:     11.00 MB capacity,    10.21 MB ( 93%) used,   697.29 KB (  6%) free+waste,   109.63 KB ( <1%) overhead. 
       Both:     80.00 MB capacity,    77.95 MB ( 97%) used,     1.71 MB (  2%) free+waste,   344.44 KB ( <1%) overhead. 

Virtual space:
  Non-class space:       70.00 MB reserved,      69.00 MB ( 99%) committed 
      Class space:        1.00 GB reserved,      11.07 MB (  1%) committed 
             Both:        1.07 GB reserved,      80.07 MB (  7%) committed 

Chunk freelists:
   Non-Class:  5.00 KB
       Class:  0 bytes
        Both:  5.00 KB

MaxMetaspaceSize: 17179869184.00 GB
CompressedClassSpaceSize: 1.00 GB

CodeHeap 'non-profiled nmethods': size=120064Kb used=4708Kb max_used=4708Kb free=115355Kb
 bounds [0x00000183dbed0000, 0x00000183dc370000, 0x00000183e3410000]
CodeHeap 'profiled nmethods': size=120000Kb used=17546Kb max_used=17546Kb free=102453Kb
 bounds [0x00000183d49a0000, 0x00000183d5ad0000, 0x00000183dbed0000]
CodeHeap 'non-nmethods': size=5696Kb used=2272Kb max_used=2319Kb free=3423Kb
 bounds [0x00000183d4410000, 0x00000183d4680000, 0x00000183d49a0000]
 total_blobs=9222 nmethods=8353 adapters=780
 compilation: enabled
              stopped_count=0, restarted_count=0
 full_count=0

Compilation events (20 events):
Event: 6.588 Thread 0x00000183eb6ec000 8348       4       java.math.BigInteger::getInt (63 bytes)
Event: 6.588 Thread 0x00000183eb1e7800 8354       3       org.gradle.internal.serialize.kryo.KryoBackedEncoder::writeSmallLong (11 bytes)
Event: 6.589 Thread 0x00000183eb1e7800 nmethod 8354 0x00000183d5ab3290 code [0x00000183d5ab3460, 0x00000183d5ab3608]
Event: 6.589 Thread 0x00000183eb1e7800 8355       1       org.gradle.internal.logging.events.ProgressStartEvent::getBuildOperationId (5 bytes)
Event: 6.589 Thread 0x00000183eb1e7800 nmethod 8355 0x00000183dc362610 code [0x00000183dc3627c0, 0x00000183dc362878]
Event: 6.589 Thread 0x00000183eb1e7800 8357       3       org.gradle.internal.event.BroadcastDispatch$CompositeDispatch::dispatch (9 bytes)
Event: 6.589 Thread 0x00000183eb1e7800 nmethod 8357 0x00000183d5ab3710 code [0x00000183d5ab38e0, 0x00000183d5ab3cb8]
Event: 6.589 Thread 0x00000183eb1e7800 8358       3       org.gradle.internal.event.BroadcastDispatch$CompositeDispatch::dispatch (15 bytes)
Event: 6.589 Thread 0x00000183eb1e7800 nmethod 8358 0x00000183d5ab3e10 code [0x00000183d5ab3fe0, 0x00000183d5ab4258]
Event: 6.589 Thread 0x00000183eb1e7800 8359       3       org.gradle.cache.internal.btree.BlockPointer::start (4 bytes)
Event: 6.589 Thread 0x00000183eb1e7800 nmethod 8359 0x00000183d5ab4390 code [0x00000183d5ab4540, 0x00000183d5ab4638]
Event: 6.590 Thread 0x00000183eb6ec000 nmethod 8348 0x00000183dc362d10 code [0x00000183dc362ec0, 0x00000183dc363068]
Event: 6.590 Thread 0x00000183eb6ec000 8351       4       java.util.stream.ReferencePipeline$2$1::begin (13 bytes)
Event: 6.590 Thread 0x00000183eb6ec000 nmethod 8351 0x00000183dc363210 code [0x00000183dc3633a0, 0x00000183dc363438]
Event: 6.590 Thread 0x00000183eb6ec000 8360       4       com.esotericsoftware.kryo.io.Output::writeUtf8Length (405 bytes)
Event: 6.592 Thread 0x00000183eb1e7800 8362       3       org.gradle.internal.snapshot.DirectorySnapshot::accept (93 bytes)
Event: 6.592 Thread 0x00000183eb1e7800 nmethod 8362 0x00000183d5ab4710 code [0x00000183d5ab4980, 0x00000183d5ab53e8]
Event: 6.597 Thread 0x00000183eb6ec000 nmethod 8360 0x00000183dc363510 code [0x00000183dc3636e0, 0x00000183dc363f98]
Event: 6.597 Thread 0x00000183eb6ec000 8361       4       org.gradle.internal.serialize.kryo.KryoBackedEncoder::writeByte (9 bytes)
Event: 6.598 Thread 0x00000183eb6ec000 nmethod 8361 0x00000183dc364290 code [0x00000183dc364440, 0x00000183dc364568]

GC Heap History (20 events):
Event: 1.354 GC heap before
{Heap before GC invocations=3 (full 0):
 garbage-first heap   total 129024K, used 31240K [0x0000000080000000, 0x0000000100000000)
  region size 1024K, 23 young (23552K), 7 survivors (7168K)
 Metaspace       used 20542K, capacity 21096K, committed 21248K, reserved 1067008K
  class space    used 2507K, capacity 2690K, committed 2816K, reserved 1048576K
}
Event: 1.357 GC heap after
{Heap after GC invocations=4 (full 0):
 garbage-first heap   total 129024K, used 16473K [0x0000000080000000, 0x0000000100000000)
  region size 1024K, 6 young (6144K), 6 survivors (6144K)
 Metaspace       used 20542K, capacity 21096K, committed 21248K, reserved 1067008K
  class space    used 2507K, capacity 2690K, committed 2816K, reserved 1048576K
}
Event: 1.682 GC heap before
{Heap before GC invocations=5 (full 0):
 garbage-first heap   total 129024K, used 66649K [0x0000000080000000, 0x0000000100000000)
  region size 1024K, 55 young (56320K), 6 survivors (6144K)
 Metaspace       used 25720K, capacity 26364K, committed 26496K, reserved 1073152K
  class space    used 3363K, capacity 3600K, committed 3712K, reserved 1048576K
}
Event: 1.686 GC heap after
{Heap after GC invocations=6 (full 0):
 garbage-first heap   total 155648K, used 18189K [0x0000000080000000, 0x0000000100000000)
  region size 1024K, 3 young (3072K), 3 survivors (3072K)
 Metaspace       used 25720K, capacity 26364K, committed 26496K, reserved 1073152K
  class space    used 3363K, capacity 3600K, committed 3712K, reserved 1048576K
}
Event: 2.222 GC heap before
{Heap before GC invocations=6 (full 0):
 garbage-first heap   total 155648K, used 77581K [0x0000000080000000, 0x0000000100000000)
  region size 1024K, 63 young (64512K), 3 survivors (3072K)
 Metaspace       used 35001K, capacity 35830K, committed 35840K, reserved 1081344K
  class space    used 4541K, capacity 4864K, committed 4864K, reserved 1048576K
}
Event: 2.227 GC heap after
{Heap after GC invocations=7 (full 0):
 garbage-first heap   total 155648K, used 21640K [0x0000000080000000, 0x0000000100000000)
  region size 1024K, 6 young (6144K), 6 survivors (6144K)
 Metaspace       used 35001K, capacity 35830K, committed 35840K, reserved 1081344K
  class space    used 4541K, capacity 4864K, committed 4864K, reserved 1048576K
}
Event: 2.711 GC heap before
{Heap before GC invocations=8 (full 0):
 garbage-first heap   total 155648K, used 101512K [0x0000000080000000, 0x0000000100000000)
  region size 1024K, 81 young (82944K), 6 survivors (6144K)
 Metaspace       used 40715K, capacity 41680K, committed 41804K, reserved 1085440K
  class space    used 5262K, capacity 5630K, committed 5708K, reserved 1048576K
}
Event: 2.717 GC heap after
{Heap after GC invocations=9 (full 0):
 garbage-first heap   total 155648K, used 27009K [0x0000000080000000, 0x0000000100000000)
  region size 1024K, 11 young (11264K), 11 survivors (11264K)
 Metaspace       used 40715K, capacity 41680K, committed 41804K, reserved 1085440K
  class space    used 5262K, capacity 5630K, committed 5708K, reserved 1048576K
}
Event: 3.273 GC heap before
{Heap before GC invocations=9 (full 0):
 garbage-first heap   total 155648K, used 103809K [0x0000000080000000, 0x0000000100000000)
  region size 1024K, 86 young (88064K), 11 survivors (11264K)
 Metaspace       used 46642K, capacity 47919K, committed 48204K, reserved 1091584K
  class space    used 5990K, capacity 6431K, committed 6476K, reserved 1048576K
}
Event: 3.281 GC heap after
{Heap after GC invocations=10 (full 0):
 garbage-first heap   total 155648K, used 29454K [0x0000000080000000, 0x0000000100000000)
  region size 1024K, 8 young (8192K), 8 survivors (8192K)
 Metaspace       used 46642K, capacity 47919K, committed 48204K, reserved 1091584K
  class space    used 5990K, capacity 6431K, committed 6476K, reserved 1048576K
}
Event: 3.895 GC heap before
{Heap before GC invocations=10 (full 0):
 garbage-first heap   total 155648K, used 112398K [0x0000000080000000, 0x0000000100000000)
  region size 1024K, 85 young (87040K), 8 survivors (8192K)
 Metaspace       used 55491K, capacity 56898K, committed 57036K, reserved 1099776K
  class space    used 7037K, capacity 7530K, committed 7628K, reserved 1048576K
}
Event: 3.901 GC heap after
{Heap after GC invocations=11 (full 0):
 garbage-first heap   total 187392K, used 41720K [0x0000000080000000, 0x0000000100000000)
  region size 1024K, 11 young (11264K), 11 survivors (11264K)
 Metaspace       used 55491K, capacity 56898K, committed 57036K, reserved 1099776K
  class space    used 7037K, capacity 7530K, committed 7628K, reserved 1048576K
}
Event: 4.086 GC heap before
{Heap before GC invocations=11 (full 0):
 garbage-first heap   total 187392K, used 60152K [0x0000000080000000, 0x0000000100000000)
  region size 1024K, 30 young (30720K), 11 survivors (11264K)
 Metaspace       used 58565K, capacity 60049K, committed 60236K, reserved 1101824K
  class space    used 7439K, capacity 7983K, committed 8012K, reserved 1048576K
}
Event: 4.095 GC heap after
{Heap after GC invocations=12 (full 0):
 garbage-first heap   total 187392K, used 43917K [0x0000000080000000, 0x0000000100000000)
  region size 1024K, 3 young (3072K), 3 survivors (3072K)
 Metaspace       used 58565K, capacity 60049K, committed 60236K, reserved 1101824K
  class space    used 7439K, capacity 7983K, committed 8012K, reserved 1048576K
}
Event: 4.545 GC heap before
{Heap before GC invocations=13 (full 0):
 garbage-first heap   total 187392K, used 120717K [0x0000000080000000, 0x0000000100000000)
  region size 1024K, 78 young (79872K), 3 survivors (3072K)
 Metaspace       used 63753K, capacity 65345K, committed 65612K, reserved 1105920K
  class space    used 8118K, capacity 8688K, committed 8780K, reserved 1048576K
}
Event: 4.550 GC heap after
{Heap after GC invocations=14 (full 0):
 garbage-first heap   total 187392K, used 49895K [0x0000000080000000, 0x0000000100000000)
  region size 1024K, 8 young (8192K), 8 survivors (8192K)
 Metaspace       used 63753K, capacity 65345K, committed 65612K, reserved 1105920K
  class space    used 8118K, capacity 8688K, committed 8780K, reserved 1048576K
}
Event: 5.147 GC heap before
{Heap before GC invocations=14 (full 0):
 garbage-first heap   total 187392K, used 127719K [0x0000000080000000, 0x0000000100000000)
  region size 1024K, 84 young (86016K), 8 survivors (8192K)
 Metaspace       used 72150K, capacity 73846K, committed 74188K, reserved 1114112K
  class space    used 9456K, capacity 10093K, committed 10188K, reserved 1048576K
}
Event: 5.154 GC heap after
{Heap after GC invocations=15 (full 0):
 garbage-first heap   total 187392K, used 54451K [0x0000000080000000, 0x0000000100000000)
  region size 1024K, 5 young (5120K), 5 survivors (5120K)
 Metaspace       used 72150K, capacity 73846K, committed 74188K, reserved 1114112K
  class space    used 9456K, capacity 10093K, committed 10188K, reserved 1048576K
}
Event: 6.169 GC heap before
{Heap before GC invocations=15 (full 0):
 garbage-first heap   total 187392K, used 131251K [0x0000000080000000, 0x0000000100000000)
  region size 1024K, 81 young (82944K), 5 survivors (5120K)
 Metaspace       used 79433K, capacity 81634K, committed 81740K, reserved 1120256K
  class space    used 10441K, capacity 11251K, committed 11340K, reserved 1048576K
}
Event: 6.175 GC heap after
{Heap after GC invocations=16 (full 0):
 garbage-first heap   total 187392K, used 59064K [0x0000000080000000, 0x0000000100000000)
  region size 1024K, 10 young (10240K), 10 survivors (10240K)
 Metaspace       used 79433K, capacity 81634K, committed 81740K, reserved 1120256K
  class space    used 10441K, capacity 11251K, committed 11340K, reserved 1048576K
}

Deoptimization events (20 events):
Event: 6.239 Thread 0x00000183eef83800 DEOPT PACKING pc=0x00000183d57570c4 sp=0x0000001dd8bfd110
Event: 6.239 Thread 0x00000183eef83800 DEOPT UNPACKING pc=0x00000183d44376ce sp=0x0000001dd8bfc6b0 mode 0
Event: 6.293 Thread 0x00000183edb75000 DEOPT PACKING pc=0x00000183d57570c4 sp=0x0000001dd80fecb0
Event: 6.293 Thread 0x00000183edb75000 DEOPT UNPACKING pc=0x00000183d44376ce sp=0x0000001dd80fe250 mode 0
Event: 6.342 Thread 0x00000183eef86000 DEOPT PACKING pc=0x00000183d57570c4 sp=0x0000001dd8cfb480
Event: 6.342 Thread 0x00000183eef86000 DEOPT UNPACKING pc=0x00000183d44376ce sp=0x0000001dd8cfaa20 mode 0
Event: 6.383 Thread 0x00000183edb75000 DEOPT PACKING pc=0x00000183d57570c4 sp=0x0000001dd80fecf0
Event: 6.384 Thread 0x00000183edb75000 DEOPT UNPACKING pc=0x00000183d44376ce sp=0x0000001dd80fe290 mode 0
Event: 6.399 Thread 0x00000183edb75000 Uncommon trap: trap_request=0xffffff4d fr.pc=0x00000183dc32c684 relative=0x0000000000000544
Event: 6.399 Thread 0x00000183edb75000 Uncommon trap: reason=unstable_if action=reinterpret pc=0x00000183dc32c684 method=org.gradle.internal.file.DefaultFileHierarchySet$Node.isChildOfOrThis(Ljava/lang/String;I)Z @ 35 c2
Event: 6.399 Thread 0x00000183edb75000 DEOPT PACKING pc=0x00000183dc32c684 sp=0x0000001dd80feeb0
Event: 6.399 Thread 0x00000183edb75000 DEOPT UNPACKING pc=0x00000183d44378af sp=0x0000001dd80fee18 mode 2
Event: 6.574 Thread 0x00000183edb75000 Uncommon trap: trap_request=0xffffffde fr.pc=0x00000183dc33c5a8 relative=0x00000000000017e8
Event: 6.574 Thread 0x00000183edb75000 Uncommon trap: reason=class_check action=maybe_recompile pc=0x00000183dc33c5a8 method=org.gradle.internal.snapshot.ChildMap$Entry.handleAncestorDescendantOrExactMatch(Lorg/gradle/internal/snapshot/VfsRelativePath;Lorg/gradle/internal/snapshot/CaseSensitiv
Event: 6.574 Thread 0x00000183edb75000 DEOPT PACKING pc=0x00000183dc33c5a8 sp=0x0000001dd80fe440
Event: 6.574 Thread 0x00000183edb75000 DEOPT UNPACKING pc=0x00000183d44378af sp=0x0000001dd80fe420 mode 2
Event: 6.585 Thread 0x00000183eef89000 Uncommon trap: trap_request=0xffffffcc fr.pc=0x00000183dc361638 relative=0x00000000000002f8
Event: 6.585 Thread 0x00000183eef89000 Uncommon trap: reason=intrinsic_or_type_checked_inlining action=make_not_entrant pc=0x00000183dc361638 method=java.util.Arrays.copyOfRange([Ljava/lang/Object;IILjava/lang/Class;)[Ljava/lang/Object; @ 83 c2
Event: 6.585 Thread 0x00000183eef89000 DEOPT PACKING pc=0x00000183dc361638 sp=0x0000001dd8efba10
Event: 6.585 Thread 0x00000183eef89000 DEOPT UNPACKING pc=0x00000183d44378af sp=0x0000001dd8efb990 mode 2

Classes redefined (0 events):
No events

Internal exceptions (20 events):
Event: 5.482 Thread 0x00000183edb79000 Exception <a 'java/lang/NoSuchMethodError'{0x000000008904cee0}: <clinit>> (0x000000008904cee0) thrown at [./src/hotspot/share/prims/jni.cpp, line 1362]
Event: 5.482 Thread 0x00000183edb79000 Exception <a 'java/lang/NoSuchMethodError'{0x000000008904e1b8}: <clinit>> (0x000000008904e1b8) thrown at [./src/hotspot/share/prims/jni.cpp, line 1362]
Event: 5.494 Thread 0x00000183f0750000 Exception <a 'java/lang/NoSuchMethodError'{0x0000000088e4f940}: <clinit>> (0x0000000088e4f940) thrown at [./src/hotspot/share/prims/jni.cpp, line 1362]
Event: 5.497 Thread 0x00000183f0750000 Exception <a 'java/lang/NoSuchMethodError'{0x0000000088e63d40}: <clinit>> (0x0000000088e63d40) thrown at [./src/hotspot/share/prims/jni.cpp, line 1362]
Event: 5.498 Thread 0x00000183f0750000 Exception <a 'java/lang/NoSuchMethodError'{0x0000000088e7d218}: <clinit>> (0x0000000088e7d218) thrown at [./src/hotspot/share/prims/jni.cpp, line 1362]
Event: 5.617 Thread 0x00000183edb79000 Exception <a 'java/lang/NoSuchMethodError'{0x0000000088c98630}: <clinit>> (0x0000000088c98630) thrown at [./src/hotspot/share/prims/jni.cpp, line 1362]
Event: 5.689 Thread 0x00000183f0a09000 Exception <a 'java/lang/NoSuchMethodError'{0x0000000088b03be8}: 'java.lang.Object java.lang.invoke.Invokers$Holder.linkToTargetMethod(java.lang.Object, java.lang.Object, java.lang.Object, int, java.lang.Object, java.lang.Object)'> (0x0000000088b03be8) thrown at [./src/hotspot/share/interpreter/linkResolver.cpp, line 773]
Event: 5.693 Thread 0x00000183f0a09000 Exception <a 'java/lang/IncompatibleClassChangeError'{0x0000000088b864e0}: Found class java.lang.Object, but interface was expected> (0x0000000088b864e0) thrown at [./src/hotspot/share/interpreter/linkResolver.cpp, line 839]
Event: 5.740 Thread 0x00000183f0a09000 Exception <a 'java/lang/NoSuchMethodError'{0x0000000088af2d70}: 'void java.lang.invoke.DirectMethodHandle$Holder.invokeVirtual(java.lang.Object, java.lang.Object)'> (0x0000000088af2d70) thrown at [./src/hotspot/share/interpreter/linkResolver.cpp, line 773]
Event: 5.934 Thread 0x00000183f0a09000 Exception <a 'java/lang/NoSuchMethodError'{0x000000008862fc38}: 'void java.lang.invoke.DirectMethodHandle$Holder.invokeStatic(java.lang.Object, java.lang.Object, java.lang.Object, java.lang.Object, java.lang.Object, java.lang.Object, java.lang.Object)'> (0x000000008862fc38) thrown at [./src/hotspot/share/interpreter/linkResolver.cpp, line 773]
Event: 5.945 Thread 0x00000183edb79000 Exception <a 'java/lang/NoSuchMethodError'{0x0000000088595280}: <clinit>> (0x0000000088595280) thrown at [./src/hotspot/share/prims/jni.cpp, line 1362]
Event: 5.978 Thread 0x00000183f0a09000 Exception <a 'sun/nio/fs/WindowsException'{0x00000000884ab5a0}> (0x00000000884ab5a0) thrown at [./src/hotspot/share/prims/jni.cpp, line 615]
Event: 5.978 Thread 0x00000183f0a09000 Exception <a 'sun/nio/fs/WindowsException'{0x00000000884ac420}> (0x00000000884ac420) thrown at [./src/hotspot/share/prims/jni.cpp, line 615]
Event: 5.997 Thread 0x00000183f0a0c800 Exception <a 'sun/nio/fs/WindowsException'{0x00000000882a5800}> (0x00000000882a5800) thrown at [./src/hotspot/share/prims/jni.cpp, line 615]
Event: 6.106 Thread 0x00000183eef8a000 Exception <a 'java/lang/NoSuchMethodError'{0x00000000879a2778}: 'java.lang.Object java.lang.invoke.DirectMethodHandle$Holder.invokeSpecialIFC(java.lang.Object, java.lang.Object, java.lang.Object)'> (0x00000000879a2778) thrown at [./src/hotspot/share/interpreter/linkResolver.cpp, line 773]
Event: 6.106 Thread 0x00000183eef89000 Exception <a 'java/lang/NoSuchMethodError'{0x0000000087833b20}: 'java.lang.Object java.lang.invoke.DirectMethodHandle$Holder.invokeSpecialIFC(java.lang.Object, java.lang.Object, java.lang.Object)'> (0x0000000087833b20) thrown at [./src/hotspot/share/interpreter/linkResolver.cpp, line 773]
Event: 6.106 Thread 0x00000183f0751000 Exception <a 'java/lang/NoSuchMethodError'{0x00000000879d3560}: 'java.lang.Object java.lang.invoke.DirectMethodHandle$Holder.invokeSpecialIFC(java.lang.Object, java.lang.Object, java.lang.Object)'> (0x00000000879d3560) thrown at [./src/hotspot/share/interpreter/linkResolver.cpp, line 773]
Event: 6.106 Thread 0x00000183eef83800 Exception <a 'java/lang/NoSuchMethodError'{0x000000008781bc28}: 'java.lang.Object java.lang.invoke.DirectMethodHandle$Holder.invokeSpecialIFC(java.lang.Object, java.lang.Object, java.lang.Object)'> (0x000000008781bc28) thrown at [./src/hotspot/share/interpreter/linkResolver.cpp, line 773]
Event: 6.106 Thread 0x00000183eef86000 Exception <a 'java/lang/NoSuchMethodError'{0x00000000879bfba0}: 'java.lang.Object java.lang.invoke.DirectMethodHandle$Holder.invokeSpecialIFC(java.lang.Object, java.lang.Object, java.lang.Object)'> (0x00000000879bfba0) thrown at [./src/hotspot/share/interpreter/linkResolver.cpp, line 773]
Event: 6.119 Thread 0x00000183eef83800 Exception <a 'java/lang/NoSuchMethodError'{0x000000008761e0d8}: 'int java.lang.invoke.DirectMethodHandle$Holder.invokeStaticInit(java.lang.Object, java.lang.Object, java.lang.Object, java.lang.Object, java.lang.Object)'> (0x000000008761e0d8) thrown at [./src/hotspot/share/interpreter/linkResolver.cpp, line 773]

Events (20 events):
Event: 6.570 loading class org/gradle/api/internal/file/collections/DefaultConfigurableFileCollection
Event: 6.570 loading class org/gradle/api/internal/file/collections/DefaultConfigurableFileCollection done
Event: 6.570 loading class org/gradle/api/internal/file/collections/DefaultConfigurableFileCollection$1
Event: 6.570 loading class org/gradle/api/internal/file/collections/DefaultConfigurableFileCollection$1 done
Event: 6.570 loading class org/gradle/api/internal/file/collections/DefaultConfigurableFileCollection$ResolvedItemsCollector
Event: 6.570 loading class org/gradle/api/internal/file/collections/DefaultConfigurableFileCollection$ResolvedItemsCollector done
Event: 6.574 Executing VM operation: RevokeBias
Event: 6.574 Executing coalesced safepoint VM operation: RevokeBias
Event: 6.574 Executing coalesced safepoint VM operation: RevokeBias done
Event: 6.574 Executing VM operation: RevokeBias done
Event: 6.575 Executing VM operation: RevokeBias
Event: 6.575 Executing coalesced safepoint VM operation: RevokeBias
Event: 6.575 Executing coalesced safepoint VM operation: RevokeBias done
Event: 6.575 Executing VM operation: RevokeBias done
Event: 6.576 Executing VM operation: RevokeBias
Event: 6.576 Executing coalesced safepoint VM operation: RevokeBias
Event: 6.576 Executing coalesced safepoint VM operation: RevokeBias done
Event: 6.576 Executing VM operation: RevokeBias done
Event: 6.577 loading class org/gradle/api/internal/artifacts/transform/TransformOutputsInternal$OutputLocationType
Event: 6.577 loading class org/gradle/api/internal/artifacts/transform/TransformOutputsInternal$OutputLocationType done


Dynamic libraries:
0x00007ff714fa0000 - 0x00007ff714faa000 	C:\Android Studio\jre\bin\java.exe
0x00007ffc879f0000 - 0x00007ffc87bdd000 	C:\Windows\SYSTEM32\ntdll.dll
0x00007ffc850f0000 - 0x00007ffc851a4000 	C:\Windows\System32\KERNEL32.DLL
0x00007ffc83b60000 - 0x00007ffc83df5000 	C:\Windows\System32\KERNELBASE.dll
0x00007ffc84960000 - 0x00007ffc84a5a000 	C:\Windows\System32\ucrtbase.dll
0x00007ffc81c80000 - 0x00007ffc81c97000 	C:\Android Studio\jre\bin\VCRUNTIME140.dll
0x00007ffc81ca0000 - 0x00007ffc81cb9000 	C:\Android Studio\jre\bin\jli.dll
0x00007ffc84f50000 - 0x00007ffc850e7000 	C:\Windows\System32\USER32.dll
0x00007ffc83e00000 - 0x00007ffc83e20000 	C:\Windows\System32\win32u.dll
0x00007ffc6acc0000 - 0x00007ffc6af39000 	C:\Windows\WinSxS\amd64_microsoft.windows.common-controls_6595b64144ccf1df_6.0.17763.2213_none_de6ea00a534da176\COMCTL32.dll
0x00007ffc84ec0000 - 0x00007ffc84ee9000 	C:\Windows\System32\GDI32.dll
0x00007ffc855c0000 - 0x00007ffc8565e000 	C:\Windows\System32\msvcrt.dll
0x00007ffc84a80000 - 0x00007ffc84c1c000 	C:\Windows\System32\gdi32full.dll
0x00007ffc86f20000 - 0x00007ffc8724d000 	C:\Windows\System32\combase.dll
0x00007ffc84690000 - 0x00007ffc84730000 	C:\Windows\System32\msvcp_win.dll
0x00007ffc84d20000 - 0x00007ffc84e3f000 	C:\Windows\System32\RPCRT4.dll
0x00007ffc83e80000 - 0x00007ffc83f02000 	C:\Windows\System32\bcryptPrimitives.dll
0x00007ffc852d0000 - 0x00007ffc852fe000 	C:\Windows\System32\IMM32.DLL
0x00007ffc52310000 - 0x00007ffc523ad000 	C:\Android Studio\jre\bin\msvcp140.dll
0x00007ffc40120000 - 0x00007ffc40bef000 	C:\Android Studio\jre\bin\server\jvm.dll
0x00007ffc86b60000 - 0x00007ffc86c04000 	C:\Windows\System32\ADVAPI32.dll
0x00007ffc87920000 - 0x00007ffc879be000 	C:\Windows\System32\sechost.dll
0x00007ffc84c20000 - 0x00007ffc84c28000 	C:\Windows\System32\PSAPI.DLL
0x00007ffc81bd0000 - 0x00007ffc81bf4000 	C:\Windows\SYSTEM32\WINMM.dll
0x00007ffc77880000 - 0x00007ffc77889000 	C:\Windows\SYSTEM32\WSOCK32.dll
0x00007ffc7eb80000 - 0x00007ffc7eb8a000 	C:\Windows\SYSTEM32\VERSION.dll
0x00007ffc85260000 - 0x00007ffc852cd000 	C:\Windows\System32\ws2_32.DLL
0x00007ffc81ba0000 - 0x00007ffc81bcd000 	C:\Windows\SYSTEM32\winmmbase.dll
0x00007ffc84730000 - 0x00007ffc8477a000 	C:\Windows\System32\cfgmgr32.dll
0x00007ffc83a00000 - 0x00007ffc83a11000 	C:\Windows\System32\kernel.appcore.dll
0x00007ffc6caa0000 - 0x00007ffc6cab1000 	C:\Android Studio\jre\bin\verify.dll
0x00007ffc6c6f0000 - 0x00007ffc6c8dd000 	C:\Windows\SYSTEM32\DBGHELP.DLL
0x00007ffc6c280000 - 0x00007ffc6c2aa000 	C:\Windows\SYSTEM32\dbgcore.DLL
0x00007ffc446e0000 - 0x00007ffc44709000 	C:\Android Studio\jre\bin\java.dll
0x00007ffc72a30000 - 0x00007ffc72a3b000 	C:\Android Studio\jre\bin\jimage.dll
0x00007ffc63f70000 - 0x00007ffc63f88000 	C:\Android Studio\jre\bin\zip.dll
0x00007ffc85660000 - 0x00007ffc86b58000 	C:\Windows\System32\SHELL32.dll
0x00007ffc85510000 - 0x00007ffc855b8000 	C:\Windows\System32\shcore.dll
0x00007ffc83f40000 - 0x00007ffc8468a000 	C:\Windows\System32\windows.storage.dll
0x00007ffc83a20000 - 0x00007ffc83a44000 	C:\Windows\System32\profapi.dll
0x00007ffc83a50000 - 0x00007ffc83aad000 	C:\Windows\System32\powrprof.dll
0x00007ffc84ef0000 - 0x00007ffc84f42000 	C:\Windows\System32\shlwapi.dll
0x00007ffc84a60000 - 0x00007ffc84a77000 	C:\Windows\System32\cryptsp.dll
0x00007ffc4e310000 - 0x00007ffc4e32a000 	C:\Android Studio\jre\bin\net.dll
0x00007ffc7fa80000 - 0x00007ffc7fb71000 	C:\Windows\SYSTEM32\WINHTTP.dll
0x00007ffc83230000 - 0x00007ffc83297000 	C:\Windows\system32\mswsock.dll
0x00007ffc4b600000 - 0x00007ffc4b614000 	C:\Android Studio\jre\bin\nio.dll
0x00007ffc73b40000 - 0x00007ffc73b67000 	C:\Users\KosenkoDY\.gradle\native\8bec1ad78214c89d9ad589b4d07fe93259594b29d510b10fafb7a158f7737e5d\windows-amd64\native-platform.dll
0x00007ffc50e50000 - 0x00007ffc50f8d000 	C:\Users\KosenkoDY\.gradle\native\53dbd7edfb1c66fb8903c78663c9afc45aea4f116125fa6feffd364cf09443e8\windows-amd64\native-platform-file-events.dll
0x00007ffc6d3e0000 - 0x00007ffc6d3ea000 	C:\Android Studio\jre\bin\management.dll
0x00007ffc6d3b0000 - 0x00007ffc6d3bc000 	C:\Android Studio\jre\bin\management_ext.dll
0x00007ffc82dc0000 - 0x00007ffc82df3000 	C:\Windows\system32\rsaenh.dll
0x00007ffc83f10000 - 0x00007ffc83f36000 	C:\Windows\System32\bcrypt.dll
0x00007ffc838e0000 - 0x00007ffc83909000 	C:\Windows\SYSTEM32\USERENV.dll
0x00007ffc83400000 - 0x00007ffc8340c000 	C:\Windows\SYSTEM32\CRYPTBASE.dll
0x00007ffc82f50000 - 0x00007ffc82f8d000 	C:\Windows\SYSTEM32\IPHLPAPI.DLL
0x00007ffc85430000 - 0x00007ffc85438000 	C:\Windows\System32\NSI.dll
0x00007ffc7ce10000 - 0x00007ffc7ce26000 	C:\Windows\SYSTEM32\dhcpcsvc6.DLL
0x00007ffc7cdf0000 - 0x00007ffc7ce0c000 	C:\Windows\SYSTEM32\dhcpcsvc.DLL
0x00007ffc82f90000 - 0x00007ffc83056000 	C:\Windows\SYSTEM32\DNSAPI.dll

dbghelp: loaded successfully - version: 4.0.5 - missing functions: none
symbol engine: initialized successfully - sym options: 0x614 - pdb path: .;C:\Android Studio\jre\bin;C:\Windows\SYSTEM32;C:\Windows\WinSxS\amd64_microsoft.windows.common-controls_6595b64144ccf1df_6.0.17763.2213_none_de6ea00a534da176;C:\Android Studio\jre\bin\server;C:\Users\KosenkoDY\.gradle\native\8bec1ad78214c89d9ad589b4d07fe93259594b29d510b10fafb7a158f7737e5d\windows-amd64;C:\Users\KosenkoDY\.gradle\native\53dbd7edfb1c66fb8903c78663c9afc45aea4f116125fa6feffd364cf09443e8\windows-amd64

VM Arguments:
jvm_args: --add-opens=java.base/java.util=ALL-UNNAMED --add-opens=java.base/java.lang=ALL-UNNAMED --add-opens=java.base/java.lang.invoke=ALL-UNNAMED --add-opens=java.base/java.util=ALL-UNNAMED --add-opens=java.prefs/java.util.prefs=ALL-UNNAMED --add-opens=java.prefs/java.util.prefs=ALL-UNNAMED --add-opens=java.base/java.nio.charset=ALL-UNNAMED --add-opens=java.base/java.net=ALL-UNNAMED --add-opens=java.base/java.util.concurrent.atomic=ALL-UNNAMED -Xmx2048m -Dfile.encoding=UTF-8 -Duser.country=RU -Duser.language=ru -Duser.variant 
java_command: org.gradle.launcher.daemon.bootstrap.GradleDaemon 7.0.2
java_class_path (initial): C:\Users\KosenkoDY\.gradle\wrapper\dists\gradle-7.0.2-bin\857tjihv64xamwrf0h14cai3r\gradle-7.0.2\lib\gradle-launcher-7.0.2.jar
Launcher Type: SUN_STANDARD

[Global flags]
     intx CICompilerCount                          = 3                                         {product} {ergonomic}
     uint ConcGCThreads                            = 2                                         {product} {ergonomic}
     uint G1ConcRefinementThreads                  = 6                                         {product} {ergonomic}
   size_t G1HeapRegionSize                         = 1048576                                   {product} {ergonomic}
    uintx GCDrainStackTargetSize                   = 64                                        {product} {ergonomic}
   size_t InitialHeapSize                          = 132120576                                 {product} {ergonomic}
   size_t MarkStackSize                            = 4194304                                   {product} {ergonomic}
   size_t MaxHeapSize                              = 2147483648                                {product} {command line}
   size_t MaxNewSize                               = 1287651328                                {product} {ergonomic}
   size_t MinHeapDeltaBytes                        = 1048576                                   {product} {ergonomic}
    uintx NonNMethodCodeHeapSize                   = 5830732                                {pd product} {ergonomic}
    uintx NonProfiledCodeHeapSize                  = 122913754                              {pd product} {ergonomic}
    uintx ProfiledCodeHeapSize                     = 122913754                              {pd product} {ergonomic}
    uintx ReservedCodeCacheSize                    = 251658240                              {pd product} {ergonomic}
     bool SegmentedCodeCache                       = true                                      {product} {ergonomic}
     bool UseCompressedClassPointers               = true                                 {lp64_product} {ergonomic}
     bool UseCompressedOops                        = true                                 {lp64_product} {ergonomic}
     bool UseG1GC                                  = true                                      {product} {ergonomic}
     bool UseLargePagesIndividualAllocation        = false                                  {pd product} {ergonomic}

Logging:
Log output configuration:
 #0: stdout all=warning uptime,level,tags
 #1: stderr all=off uptime,level,tags

Environment Variables:
PATH=C:\Program Files (x86)\Embarcadero\Studio\20.0\bin;C:\Users\Public\Documents\Embarcadero\Studio\20.0\Bpl;C:\Program Files (x86)\Embarcadero\Studio\20.0\bin64;C:\Users\Public\Documents\Embarcadero\Studio\20.0\Bpl\Win64;C:\Program Files\Common Files\Oracle\Java\javapath;C:\Program Files (x86)\Common Files\Oracle\Java\javapath;C:\Program Files (x86)\CodeGear\RAD Studio\5.0\bin;C:\Users\Public\Documents\RAD Studio\5.0\Bpl;C:\Python38\Scripts\;C:\Python38\;C:\Windows\system32;C:\Windows;C:\Windows\System32\Wbem;C:\Windows\System32\WindowsPowerShell\v1.0\;C:\Windows\System32\OpenSSH\;C:\Program Files\dotnet\;C:\Program Files\Microsoft SQL Server\130\Tools\Binn\;C:\Program Files\Microsoft SQL Server\Client SDK\ODBC\170\Tools\Binn\;C:\TDM-GCC-64\bin;C:\Program Files (x86)\Microsoft SQL Server\150\DTS\Binn\;C:\Program Files\Azure Data Studio\bin;C:\Program Files\Git\cmd;C:\Program Files (x86)\IVI Foundation\VISA\WinNT\Bin;C:\Program Files\MATLAB\R2009b\bin;C:\Program Files\Microsoft SQL Server\110\Tools\Binn\;C:\Program Files (x86)\dotnet\;C:\Users\KosenkoDY\AppData\Local\Microsoft\WindowsApps;
USERNAME=KosenkoDY
OS=Windows_NT
PROCESSOR_IDENTIFIER=Intel64 Family 6 Model 158 Stepping 10, GenuineIntel



---------------  S Y S T E M  ---------------

OS: Windows 10 , 64 bit Build 17763 (10.0.17763.2145)
OS uptime: 0 days 3:12 hours

CPU:total 6 (initial active 6) (6 cores per cpu, 1 threads per core) family 6 model 158 stepping 10 microcode 0xde, cmov, cx8, fxsr, mmx, sse, sse2, sse3, ssse3, sse4.1, sse4.2, popcnt, avx, avx2, aes, clmul, erms, rtm, 3dnowpref, lzcnt, tsc, tscinvbit, bmi1, bmi2, adx, fma

Memory: 4k page, system-wide physical 8053M (2420M free)
TotalPageFile size 16245M (AvailPageFile size 9414M)
current process WorkingSet (physical memory assigned to process): 403M, peak: 406M
current process commit charge ("private bytes"): 444M, peak: 447M

vm_info: OpenJDK 64-Bit Server VM (11.0.10+0-b96-7249189) for windows-amd64 JRE (11.0.10+0-b96-7249189), built on Mar 31 2021 21:44:00 by "builder" with MS VC++ 14.0 (VS2015)

END.
